<?xml version="1.0" encoding="UTF-8"?>
<!-- Generated by org.testng.reporters.JUnitXMLReporter -->
<testsuite hostname="Balas-MBP" ignored="0" name="HybridTest" tests="5" failures="0" timestamp="30 May 2019 19:33:03 GMT" time="44.211" errors="0">
  <testcase name="searchTest" time="4.548" classname="com.qa.linkedin.testcases.SearchDDTTest"/>
  <testcase name="searchTest" time="7.138" classname="com.qa.linkedin.testcases.SearchDDTTest"/>
  <testcase name="searchTest" time="6.699" classname="com.qa.linkedin.testcases.SearchDDTTest"/>
  <testcase name="searchTest" time="6.85" classname="com.qa.linkedin.testcases.SearchDDTTest"/>
  <testcase name="searchTest" time="6.58" classname="com.qa.linkedin.testcases.SearchDDTTest"/>
</testsuite> <!-- HybridTest -->
