<?xml version="1.0" encoding="UTF-8"?>
<!-- Generated by org.testng.reporters.JUnitXMLReporter -->
<testsuite hostname="Balas-MBP" ignored="0" name="HybridTest" tests="5" failures="0" timestamp="30 May 2019 15:22:30 GMT" time="51.077" errors="0">
  <testcase name="searchTest" time="4.78" classname="com.qa.linkedin.testcases.SearchDDTTest"/>
  <testcase name="searchTest" time="6.778" classname="com.qa.linkedin.testcases.SearchDDTTest"/>
  <testcase name="searchTest" time="6.696" classname="com.qa.linkedin.testcases.SearchDDTTest"/>
  <testcase name="searchTest" time="7.268" classname="com.qa.linkedin.testcases.SearchDDTTest"/>
  <testcase name="searchTest" time="6.809" classname="com.qa.linkedin.testcases.SearchDDTTest"/>
</testsuite> <!-- HybridTest -->
